   ▲ Next.js 15.5.14
   - Local:        http://localhost:3000
   - Network:      http://192.168.0.3:3000
   - Environments: .env.local
   - Experiments (use with caution):
     · serverActions

 ✓ Starting...
 ✓ Ready in 2.1s
 ✓ Compiled /middleware in 307ms (168 modules)
 ○ Compiling / ...
 ✓ Compiled / in 3.1s (661 modules)
 GET / 200 in 9128ms
 GET / 200 in 95ms
 ○ Compiling /trades ...
 ✓ Compiled /trades in 8.5s (1956 modules)
 GET /trades 200 in 16355ms
 GET /trades 200 in 13924ms
 ○ Compiling /favicon.ico ...
 ✓ Compiled /favicon.ico in 907ms (1428 modules)
 GET /favicon.ico 200 in 1070ms
 GET /favicon.ico 200 in 1104ms
 POST /trades 200 in 1536ms
 POST /trades 200 in 2388ms
 POST /trades 200 in 1828ms
 POST /trades 200 in 1487ms
 POST /trades 200 in 745ms
 POST /trades 200 in 746ms
 POST /trades 200 in 904ms
 POST /trades 200 in 789ms
 ○ Compiling /api/trades ...
 ✓ Compiled /api/trades in 1365ms (1978 modules)
 ✓ Compiled in 617ms (546 modules)
 GET /api/trades?tab=active 200 in 3048ms
 GET /api/trades?tab=active 200 in 2070ms
 GET /trades?tab=active 200 in 1996ms
 ○ Compiling /trades/[id] ...
 GET /trades?tab=active 200 in 2308ms
 GET /trades?tab=active 200 in 2322ms
 GET /trades?tab=active 200 in 2582ms
 ✓ Compiled /trades/[id] in 2.8s (2308 modules)
 GET /trades/47bf17f1-d06f-4ef2-89dc-42c3cb9906f6 200 in 4244ms
 GET /trades/47bf17f1-d06f-4ef2-89dc-42c3cb9906f6 200 in 6090ms
 POST /trades/47bf17f1-d06f-4ef2-89dc-42c3cb9906f6 200 in 621ms
 POST /trades/47bf17f1-d06f-4ef2-89dc-42c3cb9906f6 200 in 631ms
 POST /trades/47bf17f1-d06f-4ef2-89dc-42c3cb9906f6 200 in 643ms
 POST /trades/47bf17f1-d06f-4ef2-89dc-42c3cb9906f6 200 in 644ms
 POST /trades/47bf17f1-d06f-4ef2-89dc-42c3cb9906f6 200 in 597ms
 POST /trades/47bf17f1-d06f-4ef2-89dc-42c3cb9906f6 200 in 634ms
